changedir Testing1
unlog
changedir Testing
viewcmdlog
exit
changedir Testing
changedir Testing2
viewcmdlog
exit
changedir Testing1
viewcmdlog
viewoutlog
unlog
changdir ..
changedir ..
unlog
changedir Testing1
viewcmdlog
viewoutlog
changedir    ..
viewcmdlog
unlog
chdir Testing1
changedir Testing1
exit
Success
changedir ..Success
changedir OS_Assignment3Success
viewcmdlogSuccess
logSuccess
changedir ..Success
changedir OS_Assignment3/Testing1Success
viewcmdlogSuccess
exit	Success
changedir ..	13/09/119	23:48:32	Success
changedir OS_Assignment2	13/09/119	23:48:49	Success
changedir Testing1	13/09/119	23:48:58	Success
viewcmdlog	13/09/119	23:49:07	Success
chadir ..	13/09/119	23:49:24	Failure
viewcmdlog	13/09/119	23:49:30	Success
viewcmdlog	13/09/119	23:51:26	Success
exit	13/09/119	23:52:18	Success
	Success
viewcmdlog	13/09/0119	23:53:02	Success
viewcmdlog	13/09/0119	23:55:05	Success
exit	13/09/0119	23:55:13	Success
viewcmdlog	13/09/2019	23:55:23	Success
viewcmdlog	13/09/2019	23:55:28	Success
exit	13/09/2019	23:55:31	Success
changedir Testing1	13/09/2019	23:58:55	Success
viewcmdlog	13/09/2019	23:58:59	Success
viewoutlog	13/09/2019	23:59:07	Success
exit	13/09/2019	23:59:37	Success
	Success
	Success
	Success
	Success
changedir ..	14/09/2019	00:01:45	Success
changedir ..	14/09/2019	00:01:58	Success
viewcmdlog	14/09/2019	00:02:14	Success
viewoutlog	14/09/2019	00:02:22	Success
exit	14/09/2019	00:02:54	Success
how	15/09/2019	11:03:44	Failure
what is	15/09/2019	11:03:53	Failure
changedir ..	15/09/2019	11:04:17	Success
changedir -	15/09/2019	11:04:23	Success
changedir OS_Assignment3	15/09/2019	11:04:35	Success
unlog	15/09/2019	11:04:44	Success
	Success
	Success
ls | grep Prob	15/09/2019	11:27:52	Success
ls	15/09/2019	11:28:07	Success
ls | grep Prob	15/09/2019	11:27:52	Success
ls | grep Prob	15/09/2019	11:49:33	Success
ls	15/09/2019	11:49:36	Success
ls | grep Prob	15/09/2019	11:49:33	Success
ls	15/09/2019	11:57:20	Success
ls | grep Prob	15/09/2019	11:57:26	Success
ls | grep Prob	15/09/2019	11:58:17	Success
exit	15/09/2019	11:58:21	Success
ls	15/09/2019	11:57:20	Success
ls | grep Prob	15/09/2019	11:57:26	Success
ls | grep Prob	15/09/2019	11:58:17	Success
exit	15/09/2019	11:58:41	Success
ls	15/09/2019	11:57:20	Success
ls | grep Prob	15/09/2019	11:57:26	Success
exit	15/09/2019	11:58:43	Success
	Success
	Success
	Success
	Success
	Success
	Success
	Success
	Success
	Success
	Success
	Success
	Success
	Success
	Success
	Success
	Success
	Success
	Success
	Success
	Success
	Success
	Success
	Success
	Success
	Success
	Success
	Success
	Success
	Success
	Success
	Success
	Success
	Success
	Success
	Success
	Success
	Success
	Success
	Success
	Success
	Success
	Success
	Success
	Success
	Success
	Success
	Success
	Success
	Success
	Success
	Success
	Success
	Success
	Success
	Success
	Success
	Success
	Success
	Success
	Success
	Success
	Success
	Success
	Success
	Success
	Success
	Success
	Success
	Success
	Success
	Success
	Success
	Success
	Success
	Success
	Success
	Success
	Success
	Success
	Success
	Success
	Success
	Success
	Success
	Success
	Success
	Success
	Success
	Success
	Success
	Success
	Success
	Success
	Success
	Success
	Success
	Success
	Success
	Success
	Success
	Success
	Success
	Success
	Success
	Success
	Success
	Success
	Success
	Success
	Success
	Success
	Success
	Success
	Success
	Success
	Success
	Success
	Success
	Success
	Success
	Success
	Success
	Success
	Success
	Success
	Success
	Success
	Success
	Success
	Success
	Success
	Success
	Success
	Success
	Success
	Success
	Success
	Success
	Success
	Success
	Success
	Success
	Success
	Success
	Success
	Success
	Success
	Success
	Success
	Success
	Success
	Success
	Success
	Success
	Success
	Success
	Success
	Success
	Success
	Success
	Success
	Success
	Success
	Success
	Success
	Success
	Success
	Success
	Success
	Success
	Success
	Success
	Success
	Success
	Success
	Success
	Success
	Success
	Success
	Success
	Success
	Success
changedir ..	17/09/2019	11:49:26	Success
exit	17/09/2019	11:49:28	Success
	Success
	Success
	Success
	Success
	Success
	Success
	Success
hello	18/09/2019	14:25:55	Success
hello	18/09/2019	14:25:55	Success
changedir ..	18/09/2019	14:26:00	Success
changedir ..	18/09/2019	14:26:03	Success
ls -l | grep Proble	18/09/2019	14:26:17	Success
	Success
	Success
	Success
	Success
	Success
	Success
	Success
	Success
	Success
	Success
	Success
	Success
	Success
	Success
	Success
	Success
	Success
	Success
	Success
	Success
	Success
	Success
	Success
	Success
	Success
	Success
	Success
	Success
	Success
	Success
	Success
	Success
	Success
	Success
	Success
	Success
	Success
	Success
	Success
	Success
	Success
	Success
	Success
	Success
	Success
	Success
	Success
	Success
	Success
	Success
	Success
	Success
	Success
	Success
	Success
	Success
	Success
	Success
	Success
	Success
	Success
	Success
	Success
	Success
	Success
	Success
	Success
	Success
	Success
	Success
	Success
	Success
	Success
	Success
	Success
	Success
	Success
	Success
	Success
	Success
	Success
	Success
	Success
	Success
	Success
	Success
	Success
	Success
	Success
	Success
	Success
	Success
	Success
	Success
	Success
	Success
	Success
	Success
	Success
	Success
	Success
	Success
	Success
	Success
	Success
	Success
	Success
	Success
	Success
	Success
	Success
	Success
	Success
	Success
	Success
	Success
	Success
	Success
	Success
	Success
	Success
	Success
	Success
	Success
	Success
	Success
	Success
	Success
	Success
	Success
	Success
	Success
	Success
	Success
	Success
	Success
	Success
	Success
	Success
	Success
	Success
	Success
	Success
	Success
	Success
	Success
	Success
	Success
	Success
	Success
	Success
	Success
	Success
	Success
	Success
	Success
	Success
	Success
	Success
	Success
	Success
	Success
	Success
	Success
	Success
	Success
	Success
	Success
	Success
	Success
	Success
	Success
	Success
	Success
	Success
	Success
	Success
	Success
	Success
	Success
	Success
	Success
	Success
	Success
	Success
	Success
	Success
	Success
	Success
	Success
	Success
	Success
	Success
	Success
	Success
	Success
	Success
	Success
	Success
	Success
	Success
	Success
	Success
	Success
	Success
	Success
	Success
	Success
	Success
	Success
	Success
	Success
	Success
	Success
	Success
	Success
	Success
	Success
	Success
	Success
	Success
	Success
	Success
	Success
	Success
	Success
	Success
	Success
	Success
	Success
	Success
	Success
	Success
	Success
	Success
	Success
	Success
	Success
	Success
	Success
	Success
	Success
	Success
	Success
	Success
	Success
	Success
	Success
	Success
	Success
	Success
	Success
	Success
	Success
	Success
	Success
	Success
	Success
	Success
	Success
	Success
	Success
	Success
	Success
	Success
	Success
	Success
	Success
	Success
	Success
	Success
	Success
	Success
	Success
	Success
	Success
	Success
	Success
	Success
	Success
	Success
	Success
	Success
	Success
	Success
	Success
	Success
	Success
	Success
	Success
	Success
	Success
	Success
	Success
	Success
	Success
	Success
	Success
	Success
	Success
	Success
	Success
	Success
	Success
	Success
	Success
	Success
	Success
	Success
	Success
	Success
	Success
	Success
	Success
	Success
	Success
	Success
	Success
	Success
	Success
	Success
	Success
	Success
	Success
	Success
	Success
	Success
	Success
	Success
	Success
	Success
	Success
	Success
	Success
	Success
	Success
	Success
	Success
	Success
	Success
	Success
	Success
	Success
	Success
	Success
	Success
	Success
	Success
	Success
	Success
	Success
	Success
	Success
	Success
	Success
	Success
	Success
	Success
	Success
	Success
	Success
	Success
	Success
	Success
	Success
	Success
	Success
	Success
	Success
	Success
	Success
	Success
	Success
	Success
	Success
	Success
	Success
	Success
	Success
	Success
	Success
	Success
	Success
	Success
	Success
	Success
	Success
	Success
	Success
	Success
	Success
	Success
	Success
	Success
	Success
	Success
	Success
	Success
	Success
	Success
	Success
	Success
	Success
	Success
	Success
	Success
	Success
	Success
	Success
	Success
	Success
	Success
	Success
	Success
	Success
	Success
	Success
	Success
	Success
	Success
	Success
	Success
	Success
	Success
	Success
	Success
	Success
	Success
	Success
	Success
	Success
	Success
	Success
	Success
	Success
	Success
	Success
	Success
	Success
	Success
	Success
	Success
	Success
	Success
	Success
	Success
	Success
	Success
	Success
	Success
	Success
	Success
	Success
	Success
	Success
	Success
	Success
	Success
	Success
	Success
	Success
	Success
	Success
	Success
	Success
	Success
	Success
	Success
	Success
	Success
	Success
	Success
	Success
	Success
	Success
	Success
	Success
	Success
	Success
	Success
	Success
	Success
	Success
	Success
	Success
	Success
	Success
	Success
	Success
	Success
	Success
	Success
	Success
	Success
	Success
	Success
	Success
	Success
	Success
	Success
	Success
	Success
	Success
	Success
	Success
	Success
	Success
	Success
	Success
	Success
	Success
	Success
	Success
	Success
	Success
	Success
	Success
	Success
	Success
	Success
	Success
	Success
	Success
	Success
	Success
	Success
	Success
	Success
	Success
	Success
	Success
	Success
	Success
	Success
	Success
	Success
	Success
	Success
	Success
	Success
	Success
	Success
	Success
	Success
	Success
	Success
	Success
	Success
	Success
	Success
	Success
	Success
	Success
	Success
	Success
	Success
	Success
	Success
	Success
	Success
	Success
	Success
	Success
	Success
	Success
	Success
	Success
	Success
	Success
	Success
	Success
	Success
	Success
	Success
	Success
	Success
	Success
	Success
	Success
	Success
	Success
	Success
	Success
	Success
	Success
	Success
	Success
	Success
	Success
	Success
	Success
	Success
	Success
	Success
	Success
	Success
	Success
	Success
	Success
	Success
	Success
	Success
	Success
	Success
	Success
	Success
	Success
	Success
	Success
	Success
	Success
	Success
	Success
	Success
	Success
	Success
	Success
	Success
	Success
	Success
	Success
	Success
	Success
	Success
	Success
	Success
	Success
	Success
	Success
	Success
	Success
	Success
	Success
	Success
	Success
	Success
	Success
	Success
	Success
	Success
	Success
	Success
	Success
	Success
	Success
	Success
	Success
	Success
	Success
	Success
	Success
	Success
	Success
	Success
	Success
	Success
	Success
	Success
	Success
	Success
	Success
	Success
	Success
	Success
	Success
	Success
	Success
	Success
	Success
	Success
	Success
	Success
	Success
	Success
	Success
	Success
	Success
	Success
	Success
	Success
	Success
	Success
	Success
	Success
	Success
	Success
	Success
	Success
	Success
	Success
	Success
	Success
	Success
	Success
	Success
	Success
	Success
	Success
	Success
	Success
	Success
	Success
	Success
	Success
	Success
	Success
	Success
	Success
	Success
	Success
	Success
	Success
	Success
	Success
	Success
	Success
	Success
	Success
	Success
	Success
	Success
	Success
	Success
	Success
	Success
	Success
	Success
	Success
	Success
	Success
	Success
	Success
	Success
	Success
	Success
	Success
	Success
	Success
	Success
	Success
	Success
	Success
	Success
	Success
	Success
	Success
	Success
	Success
	Success
	Success
	Success
	Success
	Success
	Success
	Success
	Success
	Success
	Success
	Success
	Success
	Success
	Success
	Success
	Success
	Success
	Success
	Success
	Success
	Success
	Success
	Success
	Success
	Success
	Success
	Success
	Success
	Success
	Success
	Success
	Success
	Success
	Success
	Success
	Success
	Success
	Success
	Success
	Success
	Success
	Success
	Success
	Success
	Success
	Success
	Success
	Success
	Success
	Success
	Success
	Success
	Success
	Success
	Success
	Success
	Success
	Success
	Success
	Success
	Success
	Success
	Success
	Success
	Success
	Success
	Success
	Success
	Success
	Success
	Success
	Success
	Success
	Success
	Success
	Success
	Success
	Success
	Success
	Success
	Success
	Success
	Success
	Success
	Success
	Success
	Success
	Success
	Success
	Success
	Success
	Success
	Success
	Success
	Success
	Success
	Success
	Success
	Success
	Success
	Success
	Success
	Success
	Success
	Success
	Success
	Success
	Success
	Success
	Success
	Success
	Success
	Success
	Success
	Success
	Success
	Success
	Success
	Success
	Success
	Success
	Success
	Success
	Success
	Success
	Success
	Success
	Success
	Success
	Success
	Success
	Success
	Success
	Success
	Success
	Success
	Success
	Success
	Success
	Success
	Success
	Success
	Success
	Success
	Success
	Success
	Success
	Success
	Success
	Success
	Success
	Success
	Success
	Success
	Success
	Success
	Success
	Success
	Success
	Success
	Success
	Success
	Success
	Success
	Success
	Success
	Success
	Success
	Success
	Success
	Success
	Success
	Success
	Success
	Success
	Success
	Success
	Success
	Success
	Success
	Success
	Success
	Success
	Success
	Success
	Success
	Success
	Success
	Success
	Success
	Success
	Success
	Success
	Success
	Success
	Success
	Success
	Success
	Success
	Success
exit	28/09/2019	17:14:54	Success
	Success
	Success
	Success
	Success
	Success
	Success
	Success
	Success
	Success
	Success
	Success
	Success
	Success
	Success
	Success
	Success
	Success
	Success
	Success
	Success
	Success
	Success
	Success
	Success
	Success
	Success
	Success
	Success
	Success
	Success
	Success
	Success
	Success
	Success
	Success
	Success
	Success
	Success
	Success
	Success
	Success
	Success
	Success
	Success
	Success
changedir testing1	31/09/2019	11:45:38	Success
changedir Testing1	31/09/2019	11:45:43	Success
changedir ..	31/09/2019	11:45:50	Success
ls	31/09/2019	11:45:57	Success
gcc Problem4_intcommands.c	31/09/2019	11:46:31	Success
pwd	31/09/2019	11:47:13	Success
viewlog	31/09/2019	11:47:24	Success
	Success
	Success
	Success
	Success
	Success
	Success
	Success
	Success
	Success
	Success
changedir testing1	31/09/2019	11:45:38	Success
changedir Testing1	31/09/2019	11:45:43	Success
changedir ..	31/09/2019	11:45:50	Success
ls	31/09/2019	11:45:57	Success
gcc Problem4_intcommands.c	31/09/2019	11:46:31	Success
pwd	31/09/2019	11:47:13	Success
viewlog	31/09/2019	11:47:24	Success
viewcmdlog	31/09/2019	11:48:10	Success
	31/09/2019	11:48:43	Success
	Success
	Success
	Success
	Success
	Success
	Success
	Success
	Success
	Success
	Success
	Success
